\BOOKMARK [0][-]{chapter.1}{\376\377\0001\000\040\000M\000o\000d\000u\000l\000e\000\040\000I\000n\000d\000e\000x}{}% 1
\BOOKMARK [1][-]{section.1.1}{\376\377\0001\000.\0001\000\040\000M\000o\000d\000u\000l\000e\000s}{chapter.1}% 2
\BOOKMARK [0][-]{chapter.2}{\376\377\0002\000\040\000C\000l\000a\000s\000s\000\040\000I\000n\000d\000e\000x}{}% 3
\BOOKMARK [1][-]{section.2.1}{\376\377\0002\000.\0001\000\040\000C\000l\000a\000s\000s\000\040\000L\000i\000s\000t}{chapter.2}% 4
\BOOKMARK [0][-]{chapter.3}{\376\377\0003\000\040\000F\000i\000l\000e\000\040\000I\000n\000d\000e\000x}{}% 5
\BOOKMARK [1][-]{section.3.1}{\376\377\0003\000.\0001\000\040\000F\000i\000l\000e\000\040\000L\000i\000s\000t}{chapter.3}% 6
\BOOKMARK [0][-]{chapter.4}{\376\377\0004\000\040\000M\000o\000d\000u\000l\000e\000\040\000D\000o\000c\000u\000m\000e\000n\000t\000a\000t\000i\000o\000n}{}% 7
\BOOKMARK [1][-]{section.4.1}{\376\377\0004\000.\0001\000\040\000E\000m\000b\000e\000d\000e\000d\000\040\000f\000u\000n\000c\000t\000i\000o\000n\000s}{chapter.4}% 8
\BOOKMARK [2][-]{subsection.4.1.1}{\376\377\0004\000.\0001\000.\0001\000\040\000D\000e\000t\000a\000i\000l\000e\000d\000\040\000D\000e\000s\000c\000r\000i\000p\000t\000i\000o\000n}{section.4.1}% 9
\BOOKMARK [2][-]{subsection.4.1.2}{\376\377\0004\000.\0001\000.\0002\000\040\000F\000u\000n\000c\000t\000i\000o\000n\000\040\000D\000o\000c\000u\000m\000e\000n\000t\000a\000t\000i\000o\000n}{section.4.1}% 10
\BOOKMARK [3][-]{subsubsection.4.1.2.1}{\376\377\0004\000.\0001\000.\0002\000.\0001\000\040\000r\000e\000a\000d\000D\000o\000u\000b\000l\000e}{subsection.4.1.2}% 11
\BOOKMARK [3][-]{subsubsection.4.1.2.2}{\376\377\0004\000.\0001\000.\0002\000.\0002\000\040\000r\000e\000a\000d\000I\000n\000t}{subsection.4.1.2}% 12
\BOOKMARK [3][-]{subsubsection.4.1.2.3}{\376\377\0004\000.\0001\000.\0002\000.\0003\000\040\000r\000e\000a\000d\000S\000t\000r\000i\000n\000g}{subsection.4.1.2}% 13
\BOOKMARK [1][-]{section.4.2}{\376\377\0004\000.\0002\000\040\000E\000x\000p\000r\000e\000s\000s\000i\000o\000n\000\040\000p\000r\000o\000c\000e\000s\000s\000i\000n\000g}{chapter.4}% 14
\BOOKMARK [2][-]{subsection.4.2.1}{\376\377\0004\000.\0002\000.\0001\000\040\000D\000e\000t\000a\000i\000l\000e\000d\000\040\000D\000e\000s\000c\000r\000i\000p\000t\000i\000o\000n}{section.4.2}% 15
\BOOKMARK [2][-]{subsection.4.2.2}{\376\377\0004\000.\0002\000.\0002\000\040\000M\000a\000c\000r\000o\000\040\000D\000e\000f\000i\000n\000i\000t\000i\000o\000n\000\040\000D\000o\000c\000u\000m\000e\000n\000t\000a\000t\000i\000o\000n}{section.4.2}% 16
\BOOKMARK [3][-]{subsubsection.4.2.2.1}{\376\377\0004\000.\0002\000.\0002\000.\0001\000\040\000E\000R\000R\000\137\000W\000A\000R\000N\000I\000N\000G}{subsection.4.2.2}% 17
\BOOKMARK [3][-]{subsubsection.4.2.2.2}{\376\377\0004\000.\0002\000.\0002\000.\0002\000\040\000F\000A\000T\000A\000L\000\137\000E\000R\000R\000O\000R}{subsection.4.2.2}% 18
\BOOKMARK [3][-]{subsubsection.4.2.2.3}{\376\377\0004\000.\0002\000.\0002\000.\0003\000\040\000S\000T\000R\000D\000U\000P}{subsection.4.2.2}% 19
\BOOKMARK [2][-]{subsection.4.2.3}{\376\377\0004\000.\0002\000.\0003\000\040\000F\000u\000n\000c\000t\000i\000o\000n\000\040\000D\000o\000c\000u\000m\000e\000n\000t\000a\000t\000i\000o\000n}{section.4.2}% 20
\BOOKMARK [3][-]{subsubsection.4.2.3.1}{\376\377\0004\000.\0002\000.\0003\000.\0001\000\040\000e\000x\000p\000r\000\137\000a\000n\000a\000l\000y\000z\000e}{subsection.4.2.3}% 21
\BOOKMARK [3][-]{subsubsection.4.2.3.2}{\376\377\0004\000.\0002\000.\0003\000.\0002\000\040\000o\000p\000e\000r\000a\000t\000o\000r\000\137\000p\000r\000i\000o\000r\000i\000t\000y}{subsection.4.2.3}% 22
\BOOKMARK [3][-]{subsubsection.4.2.3.3}{\376\377\0004\000.\0002\000.\0003\000.\0003\000\040\000p\000r\000i\000n\000t\000\137\000t\000o\000k\000e\000n}{subsection.4.2.3}% 23
\BOOKMARK [3][-]{subsubsection.4.2.3.4}{\376\377\0004\000.\0002\000.\0003\000.\0004\000\040\000p\000r\000i\000n\000t\000\137\000t\000o\000k\000e\000n\000\137\000a\000r\000r\000a\000y}{subsection.4.2.3}% 24
\BOOKMARK [3][-]{subsubsection.4.2.3.5}{\376\377\0004\000.\0002\000.\0003\000.\0005\000\040\000s\000t\000a\000c\000k\000\137\000e\000x\000p\000r\000e\000s\000s\000i\000o\000n\000\137\000d\000e\000s\000t\000r\000o\000y}{subsection.4.2.3}% 25
\BOOKMARK [3][-]{subsubsection.4.2.3.6}{\376\377\0004\000.\0002\000.\0003\000.\0006\000\040\000s\000t\000a\000c\000k\000\137\000e\000x\000p\000r\000e\000s\000s\000i\000o\000n\000\137\000e\000m\000p\000t\000y}{subsection.4.2.3}% 26
\BOOKMARK [3][-]{subsubsection.4.2.3.7}{\376\377\0004\000.\0002\000.\0003\000.\0007\000\040\000s\000t\000a\000c\000k\000\137\000e\000x\000p\000r\000e\000s\000s\000i\000o\000n\000\137\000f\000u\000l\000l}{subsection.4.2.3}% 27
\BOOKMARK [3][-]{subsubsection.4.2.3.8}{\376\377\0004\000.\0002\000.\0003\000.\0008\000\040\000s\000t\000a\000c\000k\000\137\000e\000x\000p\000r\000e\000s\000s\000i\000o\000n\000\137\000i\000n\000i\000t}{subsection.4.2.3}% 28
\BOOKMARK [3][-]{subsubsection.4.2.3.9}{\376\377\0004\000.\0002\000.\0003\000.\0009\000\040\000s\000t\000a\000c\000k\000\137\000e\000x\000p\000r\000e\000s\000s\000i\000o\000n\000\137\000p\000o\000p}{subsection.4.2.3}% 29
\BOOKMARK [3][-]{subsubsection.4.2.3.10}{\376\377\0004\000.\0002\000.\0003\000.\0001\0000\000\040\000s\000t\000a\000c\000k\000\137\000e\000x\000p\000r\000e\000s\000s\000i\000o\000n\000\137\000p\000u\000s\000h}{subsection.4.2.3}% 30
\BOOKMARK [3][-]{subsubsection.4.2.3.11}{\376\377\0004\000.\0002\000.\0003\000.\0001\0001\000\040\000s\000t\000a\000c\000k\000\137\000e\000x\000p\000r\000e\000s\000s\000i\000o\000n\000\137\000t\000o\000p}{subsection.4.2.3}% 31
\BOOKMARK [3][-]{subsubsection.4.2.3.12}{\376\377\0004\000.\0002\000.\0003\000.\0001\0002\000\040\000t\000y\000p\000e\000\137\000n\000a\000m\000e\000\137\000c\000o\000n\000v\000e\000r\000t\000i\000o\000n}{subsection.4.2.3}% 32
\BOOKMARK [3][-]{subsubsection.4.2.3.13}{\376\377\0004\000.\0002\000.\0003\000.\0001\0003\000\040\000t\000y\000p\000e\000\137\000p\000r\000i\000o\000r\000i\000t\000y}{subsection.4.2.3}% 33
\BOOKMARK [1][-]{section.4.3}{\376\377\0004\000.\0003\000\040\000G\000a\000r\000b\000a\000g\000e\000\040\000c\000o\000l\000l\000e\000c\000t\000o\000r}{chapter.4}% 34
\BOOKMARK [2][-]{subsection.4.3.1}{\376\377\0004\000.\0003\000.\0001\000\040\000D\000e\000t\000a\000i\000l\000e\000d\000\040\000D\000e\000s\000c\000r\000i\000p\000t\000i\000o\000n}{section.4.3}% 35
\BOOKMARK [2][-]{subsection.4.3.2}{\376\377\0004\000.\0003\000.\0002\000\040\000T\000y\000p\000e\000d\000e\000f\000\040\000D\000o\000c\000u\000m\000e\000n\000t\000a\000t\000i\000o\000n}{section.4.3}% 36
\BOOKMARK [3][-]{subsubsection.4.3.2.1}{\376\377\0004\000.\0003\000.\0002\000.\0001\000\040\000m\000e\000m\000\137\000i\000t\000e\000m\000\137\000t}{subsection.4.3.2}% 37
\BOOKMARK [3][-]{subsubsection.4.3.2.2}{\376\377\0004\000.\0003\000.\0002\000.\0002\000\040\000m\000e\000m\000\137\000l\000i\000s\000t\000\137\000t}{subsection.4.3.2}% 38
\BOOKMARK [2][-]{subsection.4.3.3}{\376\377\0004\000.\0003\000.\0003\000\040\000F\000u\000n\000c\000t\000i\000o\000n\000\040\000D\000o\000c\000u\000m\000e\000n\000t\000a\000t\000i\000o\000n}{section.4.3}% 39
\BOOKMARK [3][-]{subsubsection.4.3.3.1}{\376\377\0004\000.\0003\000.\0003\000.\0001\000\040\000f\000r\000e\000e\000\137\000m\000e\000m\000o\000r\000y}{subsection.4.3.3}% 40
\BOOKMARK [3][-]{subsubsection.4.3.3.2}{\376\377\0004\000.\0003\000.\0003\000.\0002\000\040\000m\000e\000m\000\137\000a\000l\000l\000o\000c}{subsection.4.3.3}% 41
\BOOKMARK [3][-]{subsubsection.4.3.3.3}{\376\377\0004\000.\0003\000.\0003\000.\0003\000\040\000m\000e\000m\000\137\000r\000e\000a\000l\000l\000o\000c}{subsection.4.3.3}% 42
\BOOKMARK [2][-]{subsection.4.3.4}{\376\377\0004\000.\0003\000.\0004\000\040\000V\000a\000r\000i\000a\000b\000l\000e\000\040\000D\000o\000c\000u\000m\000e\000n\000t\000a\000t\000i\000o\000n}{section.4.3}% 43
\BOOKMARK [3][-]{subsubsection.4.3.4.1}{\376\377\0004\000.\0003\000.\0004\000.\0001\000\040\000G\000A\000R\000B\000A\000G\000E\000\137\000C\000O\000L\000L\000E\000C\000T\000O\000R}{subsection.4.3.4}% 44
\BOOKMARK [1][-]{section.4.4}{\376\377\0004\000.\0004\000\040\000F\000u\000n\000c\000t\000i\000o\000n\000s\000\040\000f\000o\000r\000\040\000s\000t\000r\000i\000n\000g\000\040\000p\000r\000o\000c\000e\000s\000s\000i\000n\000g}{chapter.4}% 45
\BOOKMARK [2][-]{subsection.4.4.1}{\376\377\0004\000.\0004\000.\0001\000\040\000D\000e\000t\000a\000i\000l\000e\000d\000\040\000D\000e\000s\000c\000r\000i\000p\000t\000i\000o\000n}{section.4.4}% 46
\BOOKMARK [2][-]{subsection.4.4.2}{\376\377\0004\000.\0004\000.\0002\000\040\000M\000a\000c\000r\000o\000\040\000D\000e\000f\000i\000n\000i\000t\000i\000o\000n\000\040\000D\000o\000c\000u\000m\000e\000n\000t\000a\000t\000i\000o\000n}{section.4.4}% 47
\BOOKMARK [3][-]{subsubsection.4.4.2.1}{\376\377\0004\000.\0004\000.\0002\000.\0001\000\040\000A\000L\000P\000H\000A\000B\000E\000T\000\137\000A\000R\000R\000A\000Y}{subsection.4.4.2}% 48
\BOOKMARK [3][-]{subsubsection.4.4.2.2}{\376\377\0004\000.\0004\000.\0002\000.\0002\000\040\000M\000A\000X}{subsection.4.4.2}% 49
\BOOKMARK [2][-]{subsection.4.4.3}{\376\377\0004\000.\0004\000.\0003\000\040\000F\000u\000n\000c\000t\000i\000o\000n\000\040\000D\000o\000c\000u\000m\000e\000n\000t\000a\000t\000i\000o\000n}{section.4.4}% 50
\BOOKMARK [3][-]{subsubsection.4.4.3.1}{\376\377\0004\000.\0004\000.\0003\000.\0001\000\040\000c\000o\000m\000p\000u\000t\000e\000J\000u\000m\000p\000s}{subsection.4.4.3}% 51
\BOOKMARK [3][-]{subsubsection.4.4.3.2}{\376\377\0004\000.\0004\000.\0003\000.\0002\000\040\000f\000i\000n\000d}{subsection.4.4.3}% 52
\BOOKMARK [3][-]{subsubsection.4.4.3.3}{\376\377\0004\000.\0004\000.\0003\000.\0003\000\040\000l\000e\000n\000g\000t\000h}{subsection.4.4.3}% 53
\BOOKMARK [3][-]{subsubsection.4.4.3.4}{\376\377\0004\000.\0004\000.\0003\000.\0004\000\040\000s\000h\000e\000l\000l\000s\000o\000r\000t}{subsection.4.4.3}% 54
\BOOKMARK [3][-]{subsubsection.4.4.3.5}{\376\377\0004\000.\0004\000.\0003\000.\0005\000\040\000s\000u\000b\000s\000t\000r\000i\000n\000g}{subsection.4.4.3}% 55
\BOOKMARK [1][-]{section.4.5}{\376\377\0004\000.\0005\000\040\000S\000t\000a\000c\000k\000\040\000o\000f\000\040\000i\000n\000t\000e\000g\000e\000r\000s}{chapter.4}% 56
\BOOKMARK [2][-]{subsection.4.5.1}{\376\377\0004\000.\0005\000.\0001\000\040\000D\000e\000t\000a\000i\000l\000e\000d\000\040\000D\000e\000s\000c\000r\000i\000p\000t\000i\000o\000n}{section.4.5}% 57
\BOOKMARK [2][-]{subsection.4.5.2}{\376\377\0004\000.\0005\000.\0002\000\040\000F\000u\000n\000c\000t\000i\000o\000n\000\040\000D\000o\000c\000u\000m\000e\000n\000t\000a\000t\000i\000o\000n}{section.4.5}% 58
\BOOKMARK [3][-]{subsubsection.4.5.2.1}{\376\377\0004\000.\0005\000.\0002\000.\0001\000\040\000s\000t\000a\000c\000k\000\137\000i\000n\000t\000\137\000c\000l\000e\000a\000n}{subsection.4.5.2}% 59
\BOOKMARK [3][-]{subsubsection.4.5.2.2}{\376\377\0004\000.\0005\000.\0002\000.\0002\000\040\000s\000t\000a\000c\000k\000\137\000i\000n\000t\000\137\000c\000r\000e\000a\000t\000e}{subsection.4.5.2}% 60
\BOOKMARK [3][-]{subsubsection.4.5.2.3}{\376\377\0004\000.\0005\000.\0002\000.\0003\000\040\000s\000t\000a\000c\000k\000\137\000i\000n\000t\000\137\000d\000e\000s\000t\000r\000o\000y}{subsection.4.5.2}% 61
\BOOKMARK [3][-]{subsubsection.4.5.2.4}{\376\377\0004\000.\0005\000.\0002\000.\0004\000\040\000s\000t\000a\000c\000k\000\137\000i\000n\000t\000\137\000i\000s\000\137\000e\000m\000p\000t\000y}{subsection.4.5.2}% 62
\BOOKMARK [3][-]{subsubsection.4.5.2.5}{\376\377\0004\000.\0005\000.\0002\000.\0005\000\040\000s\000t\000a\000c\000k\000\137\000i\000n\000t\000\137\000i\000s\000\137\000f\000u\000l\000l}{subsection.4.5.2}% 63
\BOOKMARK [3][-]{subsubsection.4.5.2.6}{\376\377\0004\000.\0005\000.\0002\000.\0006\000\040\000s\000t\000a\000c\000k\000\137\000i\000n\000t\000\137\000p\000o\000p}{subsection.4.5.2}% 64
\BOOKMARK [3][-]{subsubsection.4.5.2.7}{\376\377\0004\000.\0005\000.\0002\000.\0007\000\040\000s\000t\000a\000c\000k\000\137\000i\000n\000t\000\137\000p\000u\000s\000h}{subsection.4.5.2}% 65
\BOOKMARK [3][-]{subsubsection.4.5.2.8}{\376\377\0004\000.\0005\000.\0002\000.\0008\000\040\000s\000t\000a\000c\000k\000\137\000i\000n\000t\000\137\000t\000o\000p}{subsection.4.5.2}% 66
\BOOKMARK [1][-]{section.4.6}{\376\377\0004\000.\0006\000\040\000H\000a\000s\000h\000\040\000t\000a\000b\000l\000e}{chapter.4}% 67
\BOOKMARK [2][-]{subsection.4.6.1}{\376\377\0004\000.\0006\000.\0001\000\040\000D\000e\000t\000a\000i\000l\000e\000d\000\040\000D\000e\000s\000c\000r\000i\000p\000t\000i\000o\000n}{section.4.6}% 68
\BOOKMARK [2][-]{subsection.4.6.2}{\376\377\0004\000.\0006\000.\0002\000\040\000T\000y\000p\000e\000d\000e\000f\000\040\000D\000o\000c\000u\000m\000e\000n\000t\000a\000t\000i\000o\000n}{section.4.6}% 69
\BOOKMARK [3][-]{subsubsection.4.6.2.1}{\376\377\0004\000.\0006\000.\0002\000.\0001\000\040\000h\000t\000a\000b\000\137\000i\000t\000e\000m}{subsection.4.6.2}% 70
\BOOKMARK [3][-]{subsubsection.4.6.2.2}{\376\377\0004\000.\0006\000.\0002\000.\0002\000\040\000h\000t\000a\000b\000\137\000t}{subsection.4.6.2}% 71
\BOOKMARK [2][-]{subsection.4.6.3}{\376\377\0004\000.\0006\000.\0003\000\040\000F\000u\000n\000c\000t\000i\000o\000n\000\040\000D\000o\000c\000u\000m\000e\000n\000t\000a\000t\000i\000o\000n}{section.4.6}% 72
\BOOKMARK [3][-]{subsubsection.4.6.3.1}{\376\377\0004\000.\0006\000.\0003\000.\0001\000\040\000h\000t\000a\000b\000\137\000c\000l\000e\000a\000r\000\137\000i\000t\000e\000m\000s}{subsection.4.6.3}% 73
\BOOKMARK [3][-]{subsubsection.4.6.3.2}{\376\377\0004\000.\0006\000.\0003\000.\0002\000\040\000h\000t\000a\000b\000\137\000c\000o\000p\000y}{subsection.4.6.3}% 74
\BOOKMARK [3][-]{subsubsection.4.6.3.3}{\376\377\0004\000.\0006\000.\0003\000.\0003\000\040\000h\000t\000a\000b\000\137\000f\000i\000n\000d\000\137\000i\000t\000e\000m}{subsection.4.6.3}% 75
\BOOKMARK [3][-]{subsubsection.4.6.3.4}{\376\377\0004\000.\0006\000.\0003\000.\0004\000\040\000h\000t\000a\000b\000\137\000f\000i\000n\000d\000\137\000i\000t\000e\000m\000\137\000b\000y\000\137\000a\000r\000g\000u\000m\000e\000n\000t\000\137\000i\000n\000d\000e\000x}{subsection.4.6.3}% 76
\BOOKMARK [3][-]{subsubsection.4.6.3.5}{\376\377\0004\000.\0006\000.\0003\000.\0005\000\040\000h\000t\000a\000b\000\137\000f\000r\000e\000e\000\137\000a\000l\000l}{subsection.4.6.3}% 77
\BOOKMARK [3][-]{subsubsection.4.6.3.6}{\376\377\0004\000.\0006\000.\0003\000.\0006\000\040\000h\000t\000a\000b\000\137\000i\000n\000i\000t}{subsection.4.6.3}% 78
\BOOKMARK [3][-]{subsubsection.4.6.3.7}{\376\377\0004\000.\0006\000.\0003\000.\0007\000\040\000h\000t\000a\000b\000\137\000i\000n\000i\000t\0002}{subsection.4.6.3}% 79
\BOOKMARK [3][-]{subsubsection.4.6.3.8}{\376\377\0004\000.\0006\000.\0003\000.\0008\000\040\000h\000t\000a\000b\000\137\000i\000n\000s\000e\000r\000t\000\137\000i\000t\000e\000m}{subsection.4.6.3}% 80
\BOOKMARK [1][-]{section.4.7}{\376\377\0004\000.\0007\000\040\000I\000n\000t\000e\000r\000p\000r\000e\000t\000\040\000p\000r\000o\000c\000e\000s\000s\000i\000n\000g}{chapter.4}% 81
\BOOKMARK [2][-]{subsection.4.7.1}{\376\377\0004\000.\0007\000.\0001\000\040\000D\000e\000t\000a\000i\000l\000e\000d\000\040\000D\000e\000s\000c\000r\000i\000p\000t\000i\000o\000n}{section.4.7}% 82
\BOOKMARK [2][-]{subsection.4.7.2}{\376\377\0004\000.\0007\000.\0002\000\040\000E\000n\000u\000m\000e\000r\000a\000t\000i\000o\000n\000\040\000T\000y\000p\000e\000\040\000D\000o\000c\000u\000m\000e\000n\000t\000a\000t\000i\000o\000n}{section.4.7}% 83
\BOOKMARK [3][-]{subsubsection.4.7.2.1}{\376\377\0004\000.\0007\000.\0002\000.\0001\000\040\000a\000n\000o\000n\000y\000m\000o\000u\000s\000\040\000e\000n\000u\000m}{subsection.4.7.2}% 84
\BOOKMARK [2][-]{subsection.4.7.3}{\376\377\0004\000.\0007\000.\0003\000\040\000F\000u\000n\000c\000t\000i\000o\000n\000\040\000D\000o\000c\000u\000m\000e\000n\000t\000a\000t\000i\000o\000n}{section.4.7}% 85
\BOOKMARK [3][-]{subsubsection.4.7.3.1}{\376\377\0004\000.\0007\000.\0003\000.\0001\000\040\000A\000d\000d\000\137\000I\000n\000s\000t\000r}{subsection.4.7.3}% 86
\BOOKMARK [3][-]{subsubsection.4.7.3.2}{\376\377\0004\000.\0007\000.\0003\000.\0002\000\040\000C\000o\000n\000c\000\137\000S\000t\000r}{subsection.4.7.3}% 87
\BOOKMARK [3][-]{subsubsection.4.7.3.3}{\376\377\0004\000.\0007\000.\0003\000.\0003\000\040\000d\000o\000\137\000e\000x\000p\000r\000e\000s\000s\000i\000o\000n}{subsection.4.7.3}% 88
\BOOKMARK [3][-]{subsubsection.4.7.3.4}{\376\377\0004\000.\0007\000.\0003\000.\0004\000\040\000D\000o\000u\000b\000l\000e\000T\000o\000S\000t\000r\000i\000n\000g}{subsection.4.7.3}% 89
\BOOKMARK [3][-]{subsubsection.4.7.3.5}{\376\377\0004\000.\0007\000.\0003\000.\0005\000\040\000i\000n\000t\000e\000r}{subsection.4.7.3}% 90
\BOOKMARK [3][-]{subsubsection.4.7.3.6}{\376\377\0004\000.\0007\000.\0003\000.\0006\000\040\000i\000n\000t\000e\000r\000\137\000a\000r\000m\000\137\000o\000p}{subsection.4.7.3}% 91
\BOOKMARK [3][-]{subsubsection.4.7.3.7}{\376\377\0004\000.\0007\000.\0003\000.\0007\000\040\000i\000n\000t\000e\000r\000\137\000b\000o\000o\000l\000\137\000o\000p}{subsection.4.7.3}% 92
\BOOKMARK [3][-]{subsubsection.4.7.3.8}{\376\377\0004\000.\0007\000.\0003\000.\0008\000\040\000i\000n\000t\000e\000r\000\137\000p\000l\000u\000s}{subsection.4.7.3}% 93
\BOOKMARK [3][-]{subsubsection.4.7.3.9}{\376\377\0004\000.\0007\000.\0003\000.\0009\000\040\000I\000n\000t\000T\000o\000S\000t\000r\000i\000n\000g}{subsection.4.7.3}% 94
\BOOKMARK [3][-]{subsubsection.4.7.3.10}{\376\377\0004\000.\0007\000.\0003\000.\0001\0000\000\040\000s\000t\000a\000c\000k\000\137\000h\000t\000a\000b\000\137\000f\000i\000n\000d\000\137\000h\000t\000a\000b\000\137\000i\000t\000e\000m}{subsection.4.7.3}% 95
\BOOKMARK [1][-]{section.4.8}{\376\377\0004\000.\0008\000\040\000L\000e\000x\000i\000c\000a\000l\000\040\000a\000n\000a\000l\000y\000s\000i\000s}{chapter.4}% 96
\BOOKMARK [2][-]{subsection.4.8.1}{\376\377\0004\000.\0008\000.\0001\000\040\000D\000e\000t\000a\000i\000l\000e\000d\000\040\000D\000e\000s\000c\000r\000i\000p\000t\000i\000o\000n}{section.4.8}% 97
\BOOKMARK [2][-]{subsection.4.8.2}{\376\377\0004\000.\0008\000.\0002\000\040\000M\000a\000c\000r\000o\000\040\000D\000e\000f\000i\000n\000i\000t\000i\000o\000n\000\040\000D\000o\000c\000u\000m\000e\000n\000t\000a\000t\000i\000o\000n}{section.4.8}% 98
\BOOKMARK [3][-]{subsubsection.4.8.2.1}{\376\377\0004\000.\0008\000.\0002\000.\0001\000\040\000r\000e\000s\000e\000t\000\137\000s\000c\000a\000n\000n\000e\000r}{subsection.4.8.2}% 99
\BOOKMARK [3][-]{subsubsection.4.8.2.2}{\376\377\0004\000.\0008\000.\0002\000.\0002\000\040\000S\000\137\000S\000I\000Z\000E}{subsection.4.8.2}% 100
\BOOKMARK [3][-]{subsubsection.4.8.2.3}{\376\377\0004\000.\0008\000.\0002\000.\0003\000\040\000S\000P\000E\000C\000\137\000C\000H\000A\000R\000\137\000F\000S\000E\000E\000K}{subsection.4.8.2}% 101
\BOOKMARK [2][-]{subsection.4.8.3}{\376\377\0004\000.\0008\000.\0003\000\040\000T\000y\000p\000e\000d\000e\000f\000\040\000D\000o\000c\000u\000m\000e\000n\000t\000a\000t\000i\000o\000n}{section.4.8}% 102
\BOOKMARK [3][-]{subsubsection.4.8.3.1}{\376\377\0004\000.\0008\000.\0003\000.\0001\000\040\000t\000o\000k\000e\000n}{subsection.4.8.3}% 103
\BOOKMARK [2][-]{subsection.4.8.4}{\376\377\0004\000.\0008\000.\0004\000\040\000E\000n\000u\000m\000e\000r\000a\000t\000i\000o\000n\000\040\000T\000y\000p\000e\000\040\000D\000o\000c\000u\000m\000e\000n\000t\000a\000t\000i\000o\000n}{section.4.8}% 104
\BOOKMARK [3][-]{subsubsection.4.8.4.1}{\376\377\0004\000.\0008\000.\0004\000.\0001\000\040\000a\000n\000o\000n\000y\000m\000o\000u\000s\000\040\000e\000n\000u\000m}{subsection.4.8.4}% 105
\BOOKMARK [2][-]{subsection.4.8.5}{\376\377\0004\000.\0008\000.\0005\000\040\000F\000u\000n\000c\000t\000i\000o\000n\000\040\000D\000o\000c\000u\000m\000e\000n\000t\000a\000t\000i\000o\000n}{section.4.8}% 106
\BOOKMARK [3][-]{subsubsection.4.8.5.1}{\376\377\0004\000.\0008\000.\0005\000.\0001\000\040\000b\000i\000n\0002\000d\000e\000c}{subsection.4.8.5}% 107
\BOOKMARK [3][-]{subsubsection.4.8.5.2}{\376\377\0004\000.\0008\000.\0005\000.\0002\000\040\000g\000e\000t\000\137\000t\000o\000k\000e\000n}{subsection.4.8.5}% 108
\BOOKMARK [3][-]{subsubsection.4.8.5.3}{\376\377\0004\000.\0008\000.\0005\000.\0003\000\040\000h\000e\000x\0002\000d\000e\000c\000\137\000d\000o\000u\000b\000l\000e}{subsection.4.8.5}% 109
\BOOKMARK [3][-]{subsubsection.4.8.5.4}{\376\377\0004\000.\0008\000.\0005\000.\0004\000\040\000h\000e\000x\0002\000d\000e\000c\000\137\000i\000n\000t}{subsection.4.8.5}% 110
\BOOKMARK [3][-]{subsubsection.4.8.5.5}{\376\377\0004\000.\0008\000.\0005\000.\0005\000\040\000i\000s\000\137\000f\000u\000l\000l\000\137\000i\000d\000e\000n\000t}{subsection.4.8.5}% 111
\BOOKMARK [3][-]{subsubsection.4.8.5.6}{\376\377\0004\000.\0008\000.\0005\000.\0006\000\040\000i\000s\000\137\000k\000e\000y\000w\000o\000r\000d}{subsection.4.8.5}% 112
\BOOKMARK [3][-]{subsubsection.4.8.5.7}{\376\377\0004\000.\0008\000.\0005\000.\0007\000\040\000i\000s\000\137\000n\000u\000m\000\137\000l\000i\000t\000e\000r\000a\000l}{subsection.4.8.5}% 113
\BOOKMARK [3][-]{subsubsection.4.8.5.8}{\376\377\0004\000.\0008\000.\0005\000.\0008\000\040\000i\000s\000\137\000s\000i\000m\000p\000l\000e\000\137\000i\000d\000e\000n\000t}{subsection.4.8.5}% 114
\BOOKMARK [3][-]{subsubsection.4.8.5.9}{\376\377\0004\000.\0008\000.\0005\000.\0009\000\040\000i\000s\000\137\000s\000p\000e\000c\000i\000a\000l\000\137\000c\000h\000a\000r}{subsection.4.8.5}% 115
\BOOKMARK [3][-]{subsubsection.4.8.5.10}{\376\377\0004\000.\0008\000.\0005\000.\0001\0000\000\040\000l\000o\000a\000d\000\137\000s\000t\000r\000i\000n\000g}{subsection.4.8.5}% 116
\BOOKMARK [3][-]{subsubsection.4.8.5.11}{\376\377\0004\000.\0008\000.\0005\000.\0001\0001\000\040\000m\000a\000k\000e\000\137\000p\000o\000w\000e\000r}{subsection.4.8.5}% 117
\BOOKMARK [3][-]{subsubsection.4.8.5.12}{\376\377\0004\000.\0008\000.\0005\000.\0001\0002\000\040\000o\000c\000t\000a\000l\0002\000d\000e\000c}{subsection.4.8.5}% 118
\BOOKMARK [3][-]{subsubsection.4.8.5.13}{\376\377\0004\000.\0008\000.\0005\000.\0001\0003\000\040\000r\000e\000p\000a\000i\000r\000\137\000n\000u\000m}{subsection.4.8.5}% 119
\BOOKMARK [3][-]{subsubsection.4.8.5.14}{\376\377\0004\000.\0008\000.\0005\000.\0001\0004\000\040\000s\000k\000i\000p\000\137\000c\000o\000m\000m\000e\000n\000t}{subsection.4.8.5}% 120
\BOOKMARK [3][-]{subsubsection.4.8.5.15}{\376\377\0004\000.\0008\000.\0005\000.\0001\0005\000\040\000s\000t\000r\0002\000n\000u\000m}{subsection.4.8.5}% 121
\BOOKMARK [1][-]{section.4.9}{\376\377\0004\000.\0009\000\040\000S\000t\000r\000u\000c\000t\000u\000r\000e\000s}{chapter.4}% 122
\BOOKMARK [2][-]{subsection.4.9.1}{\376\377\0004\000.\0009\000.\0001\000\040\000D\000e\000t\000a\000i\000l\000e\000d\000\040\000D\000e\000s\000c\000r\000i\000p\000t\000i\000o\000n}{section.4.9}% 123
\BOOKMARK [2][-]{subsection.4.9.2}{\376\377\0004\000.\0009\000.\0002\000\040\000M\000a\000c\000r\000o\000\040\000D\000e\000f\000i\000n\000i\000t\000i\000o\000n\000\040\000D\000o\000c\000u\000m\000e\000n\000t\000a\000t\000i\000o\000n}{section.4.9}% 124
\BOOKMARK [3][-]{subsubsection.4.9.2.1}{\376\377\0004\000.\0009\000.\0002\000.\0001\000\040\000A\000R\000R\000A\000Y\000\137\000H\000T\000A\000B\000\137\000I\000N\000I\000T\000\137\000S\000I\000Z\000E}{subsection.4.9.2}% 125
\BOOKMARK [3][-]{subsubsection.4.9.2.2}{\376\377\0004\000.\0009\000.\0002\000.\0002\000\040\000A\000R\000R\000A\000Y\000\137\000S\000T\000R\000I\000N\000G\000\137\000I\000N\000I\000T\000\137\000S\000I\000Z\000E}{subsection.4.9.2}% 126
\BOOKMARK [3][-]{subsubsection.4.9.2.3}{\376\377\0004\000.\0009\000.\0002\000.\0003\000\040\000S\000T\000A\000C\000K\000\137\000H\000T\000A\000B\000\137\000I\000N\000I\000T\000\137\000S\000I\000Z\000E}{subsection.4.9.2}% 127
\BOOKMARK [3][-]{subsubsection.4.9.2.4}{\376\377\0004\000.\0009\000.\0002\000.\0004\000\040\000S\000T\000A\000C\000K\000\137\000I\000N\000S\000T\000R\000\137\000I\000N\000I\000T\000\137\000S\000I\000Z\000E}{subsection.4.9.2}% 128
\BOOKMARK [2][-]{subsection.4.9.3}{\376\377\0004\000.\0009\000.\0003\000\040\000T\000y\000p\000e\000d\000e\000f\000\040\000D\000o\000c\000u\000m\000e\000n\000t\000a\000t\000i\000o\000n}{section.4.9}% 129
\BOOKMARK [3][-]{subsubsection.4.9.3.1}{\376\377\0004\000.\0009\000.\0003\000.\0001\000\040\000a\000r\000r\000a\000y\000\137\000h\000t\000a\000b}{subsection.4.9.3}% 130
\BOOKMARK [3][-]{subsubsection.4.9.3.2}{\376\377\0004\000.\0009\000.\0003\000.\0002\000\040\000a\000r\000r\000a\000y\000\137\000s\000t\000r\000i\000n\000g}{subsection.4.9.3}% 131
\BOOKMARK [3][-]{subsubsection.4.9.3.3}{\376\377\0004\000.\0009\000.\0003\000.\0003\000\040\000s\000t\000a\000c\000k\000\137\000h\000t\000a\000b}{subsection.4.9.3}% 132
\BOOKMARK [3][-]{subsubsection.4.9.3.4}{\376\377\0004\000.\0009\000.\0003\000.\0004\000\040\000s\000t\000a\000c\000k\000\137\000i\000n\000s\000t\000r}{subsection.4.9.3}% 133
\BOOKMARK [2][-]{subsection.4.9.4}{\376\377\0004\000.\0009\000.\0004\000\040\000F\000u\000n\000c\000t\000i\000o\000n\000\040\000D\000o\000c\000u\000m\000e\000n\000t\000a\000t\000i\000o\000n}{section.4.9}% 134
\BOOKMARK [3][-]{subsubsection.4.9.4.1}{\376\377\0004\000.\0009\000.\0004\000.\0001\000\040\000a\000r\000r\000a\000y\000\137\000h\000t\000a\000b\000\137\000d\000e\000s\000t\000r\000o\000y}{subsection.4.9.4}% 135
\BOOKMARK [3][-]{subsubsection.4.9.4.2}{\376\377\0004\000.\0009\000.\0004\000.\0002\000\040\000a\000r\000r\000a\000y\000\137\000h\000t\000a\000b\000\137\000g\000e\000t\000\137\000i\000t\000e\000m}{subsection.4.9.4}% 136
\BOOKMARK [3][-]{subsubsection.4.9.4.3}{\376\377\0004\000.\0009\000.\0004\000.\0003\000\040\000a\000r\000r\000a\000y\000\137\000h\000t\000a\000b\000\137\000i\000n\000i\000t}{subsection.4.9.4}% 137
\BOOKMARK [3][-]{subsubsection.4.9.4.4}{\376\377\0004\000.\0009\000.\0004\000.\0004\000\040\000a\000r\000r\000a\000y\000\137\000h\000t\000a\000b\000\137\000i\000n\000s\000e\000r\000t}{subsection.4.9.4}% 138
\BOOKMARK [3][-]{subsubsection.4.9.4.5}{\376\377\0004\000.\0009\000.\0004\000.\0005\000\040\000a\000r\000r\000a\000y\000\137\000s\000t\000r\000i\000n\000g\000\137\000d\000e\000s\000t\000r\000o\000y}{subsection.4.9.4}% 139
\BOOKMARK [3][-]{subsubsection.4.9.4.6}{\376\377\0004\000.\0009\000.\0004\000.\0006\000\040\000a\000r\000r\000a\000y\000\137\000s\000t\000r\000i\000n\000g\000\137\000f\000i\000n\000d}{subsection.4.9.4}% 140
\BOOKMARK [3][-]{subsubsection.4.9.4.7}{\376\377\0004\000.\0009\000.\0004\000.\0007\000\040\000a\000r\000r\000a\000y\000\137\000s\000t\000r\000i\000n\000g\000\137\000i\000n\000i\000t}{subsection.4.9.4}% 141
\BOOKMARK [3][-]{subsubsection.4.9.4.8}{\376\377\0004\000.\0009\000.\0004\000.\0008\000\040\000a\000r\000r\000a\000y\000\137\000s\000t\000r\000i\000n\000g\000\137\000i\000n\000s\000e\000r\000t}{subsection.4.9.4}% 142
\BOOKMARK [3][-]{subsubsection.4.9.4.9}{\376\377\0004\000.\0009\000.\0004\000.\0009\000\040\000s\000t\000a\000c\000k\000\137\000h\000t\000a\000b\000\137\000d\000e\000s\000t\000r\000o\000y}{subsection.4.9.4}% 143
\BOOKMARK [3][-]{subsubsection.4.9.4.10}{\376\377\0004\000.\0009\000.\0004\000.\0001\0000\000\040\000s\000t\000a\000c\000k\000\137\000h\000t\000a\000b\000\137\000g\000e\000t\000\137\000f\000i\000r\000s\000t}{subsection.4.9.4}% 144
\BOOKMARK [3][-]{subsubsection.4.9.4.11}{\376\377\0004\000.\0009\000.\0004\000.\0001\0001\000\040\000s\000t\000a\000c\000k\000\137\000h\000t\000a\000b\000\137\000g\000e\000t\000\137\000i\000t\000e\000m}{subsection.4.9.4}% 145
\BOOKMARK [3][-]{subsubsection.4.9.4.12}{\376\377\0004\000.\0009\000.\0004\000.\0001\0002\000\040\000s\000t\000a\000c\000k\000\137\000h\000t\000a\000b\000\137\000i\000n\000i\000t}{subsection.4.9.4}% 146
\BOOKMARK [3][-]{subsubsection.4.9.4.13}{\376\377\0004\000.\0009\000.\0004\000.\0001\0003\000\040\000s\000t\000a\000c\000k\000\137\000h\000t\000a\000b\000\137\000p\000o\000p}{subsection.4.9.4}% 147
\BOOKMARK [3][-]{subsubsection.4.9.4.14}{\376\377\0004\000.\0009\000.\0004\000.\0001\0004\000\040\000s\000t\000a\000c\000k\000\137\000h\000t\000a\000b\000\137\000p\000u\000s\000h}{subsection.4.9.4}% 148
\BOOKMARK [0][-]{chapter.5}{\376\377\0005\000\040\000C\000l\000a\000s\000s\000\040\000D\000o\000c\000u\000m\000e\000n\000t\000a\000t\000i\000o\000n}{}% 149
\BOOKMARK [1][-]{section.5.1}{\376\377\0005\000.\0001\000\040\000a\000r\000r\000a\000y\000\137\000h\000t\000a\000b\000\040\000S\000t\000r\000u\000c\000t\000\040\000R\000e\000f\000e\000r\000e\000n\000c\000e}{chapter.5}% 150
\BOOKMARK [2][-]{subsection.5.1.1}{\376\377\0005\000.\0001\000.\0001\000\040\000D\000e\000t\000a\000i\000l\000e\000d\000\040\000D\000e\000s\000c\000r\000i\000p\000t\000i\000o\000n}{section.5.1}% 151
\BOOKMARK [2][-]{subsection.5.1.2}{\376\377\0005\000.\0001\000.\0002\000\040\000M\000e\000m\000b\000e\000r\000\040\000D\000a\000t\000a\000\040\000D\000o\000c\000u\000m\000e\000n\000t\000a\000t\000i\000o\000n}{section.5.1}% 152
\BOOKMARK [3][-]{subsubsection.5.1.2.1}{\376\377\0005\000.\0001\000.\0002\000.\0001\000\040\000d\000a\000t\000a}{subsection.5.1.2}% 153
\BOOKMARK [3][-]{subsubsection.5.1.2.2}{\376\377\0005\000.\0001\000.\0002\000.\0002\000\040\000i\000d\000x}{subsection.5.1.2}% 154
\BOOKMARK [3][-]{subsubsection.5.1.2.3}{\376\377\0005\000.\0001\000.\0002\000.\0003\000\040\000s\000i\000z\000e}{subsection.5.1.2}% 155
\BOOKMARK [1][-]{section.5.2}{\376\377\0005\000.\0002\000\040\000a\000r\000r\000a\000y\000\137\000s\000t\000r\000i\000n\000g\000\040\000S\000t\000r\000u\000c\000t\000\040\000R\000e\000f\000e\000r\000e\000n\000c\000e}{chapter.5}% 156
\BOOKMARK [2][-]{subsection.5.2.1}{\376\377\0005\000.\0002\000.\0001\000\040\000D\000e\000t\000a\000i\000l\000e\000d\000\040\000D\000e\000s\000c\000r\000i\000p\000t\000i\000o\000n}{section.5.2}% 157
\BOOKMARK [2][-]{subsection.5.2.2}{\376\377\0005\000.\0002\000.\0002\000\040\000M\000e\000m\000b\000e\000r\000\040\000D\000a\000t\000a\000\040\000D\000o\000c\000u\000m\000e\000n\000t\000a\000t\000i\000o\000n}{section.5.2}% 158
\BOOKMARK [3][-]{subsubsection.5.2.2.1}{\376\377\0005\000.\0002\000.\0002\000.\0001\000\040\000d\000a\000t\000a}{subsection.5.2.2}% 159
\BOOKMARK [3][-]{subsubsection.5.2.2.2}{\376\377\0005\000.\0002\000.\0002\000.\0002\000\040\000i\000d\000x}{subsection.5.2.2}% 160
\BOOKMARK [3][-]{subsubsection.5.2.2.3}{\376\377\0005\000.\0002\000.\0002\000.\0003\000\040\000s\000i\000z\000e}{subsection.5.2.2}% 161
\BOOKMARK [1][-]{section.5.3}{\376\377\0005\000.\0003\000\040\000h\000t\000a\000b\000\137\000i\000t\000e\000m\000\040\000S\000t\000r\000u\000c\000t\000\040\000R\000e\000f\000e\000r\000e\000n\000c\000e}{chapter.5}% 162
\BOOKMARK [2][-]{subsection.5.3.1}{\376\377\0005\000.\0003\000.\0001\000\040\000D\000e\000t\000a\000i\000l\000e\000d\000\040\000D\000e\000s\000c\000r\000i\000p\000t\000i\000o\000n}{section.5.3}% 163
\BOOKMARK [2][-]{subsection.5.3.2}{\376\377\0005\000.\0003\000.\0002\000\040\000M\000e\000m\000b\000e\000r\000\040\000D\000a\000t\000a\000\040\000D\000o\000c\000u\000m\000e\000n\000t\000a\000t\000i\000o\000n}{section.5.3}% 164
\BOOKMARK [3][-]{subsubsection.5.3.2.1}{\376\377\0005\000.\0003\000.\0002\000.\0001\000\040\000a\000r\000g\000u\000m\000e\000n\000t\000\137\000i\000n\000d\000e\000x}{subsection.5.3.2}% 165
\BOOKMARK [3][-]{subsubsection.5.3.2.2}{\376\377\0005\000.\0003\000.\0002\000.\0002\000\040\000d\000a\000t\000a}{subsection.5.3.2}% 166
\BOOKMARK [3][-]{subsubsection.5.3.2.3}{\376\377\0005\000.\0003\000.\0002\000.\0003\000\040\000d\000a\000t\000a\000\137\000t\000y\000p\000e}{subsection.5.3.2}% 167
\BOOKMARK [3][-]{subsubsection.5.3.2.4}{\376\377\0005\000.\0003\000.\0002\000.\0004\000\040\000f\000u\000n\000c\000\137\000o\000r\000\137\000v\000a\000r}{subsection.5.3.2}% 168
\BOOKMARK [3][-]{subsubsection.5.3.2.5}{\376\377\0005\000.\0003\000.\0002\000.\0005\000\040\000i\000n\000i\000t\000i\000a\000l\000i\000z\000e\000d}{subsection.5.3.2}% 169
\BOOKMARK [3][-]{subsubsection.5.3.2.6}{\376\377\0005\000.\0003\000.\0002\000.\0006\000\040\000i\000n\000s\000t\000r\000u\000c\000t\000i\000o\000n\000\137\000t\000a\000p\000e}{subsection.5.3.2}% 170
\BOOKMARK [3][-]{subsubsection.5.3.2.7}{\376\377\0005\000.\0003\000.\0002\000.\0007\000\040\000k\000e\000y}{subsection.5.3.2}% 171
\BOOKMARK [3][-]{subsubsection.5.3.2.8}{\376\377\0005\000.\0003\000.\0002\000.\0008\000\040\000l\000o\000c\000a\000l\000\137\000t\000a\000b\000l\000e}{subsection.5.3.2}% 172
\BOOKMARK [3][-]{subsubsection.5.3.2.9}{\376\377\0005\000.\0003\000.\0002\000.\0009\000\040\000n\000e\000x\000t\000\137\000i\000t\000e\000m}{subsection.5.3.2}% 173
\BOOKMARK [3][-]{subsubsection.5.3.2.10}{\376\377\0005\000.\0003\000.\0002\000.\0001\0000\000\040\000n\000u\000m\000b\000e\000r\000\137\000o\000f\000\137\000a\000r\000g\000u\000m\000e\000n\000t\000s}{subsection.5.3.2}% 174
\BOOKMARK [1][-]{section.5.4}{\376\377\0005\000.\0004\000\040\000h\000t\000a\000b\000\137\000t\000\040\000S\000t\000r\000u\000c\000t\000\040\000R\000e\000f\000e\000r\000e\000n\000c\000e}{chapter.5}% 175
\BOOKMARK [2][-]{subsection.5.4.1}{\376\377\0005\000.\0004\000.\0001\000\040\000D\000e\000t\000a\000i\000l\000e\000d\000\040\000D\000e\000s\000c\000r\000i\000p\000t\000i\000o\000n}{section.5.4}% 176
\BOOKMARK [2][-]{subsection.5.4.2}{\376\377\0005\000.\0004\000.\0002\000\040\000M\000e\000m\000b\000e\000r\000\040\000D\000a\000t\000a\000\040\000D\000o\000c\000u\000m\000e\000n\000t\000a\000t\000i\000o\000n}{section.5.4}% 177
\BOOKMARK [3][-]{subsubsection.5.4.2.1}{\376\377\0005\000.\0004\000.\0002\000.\0001\000\040\000h\000a\000s\000h\000\137\000f\000u\000n\000\137\000p\000t\000r}{subsection.5.4.2}% 178
\BOOKMARK [3][-]{subsubsection.5.4.2.2}{\376\377\0005\000.\0004\000.\0002\000.\0002\000\040\000h\000t\000a\000b\000\137\000s\000i\000z\000e}{subsection.5.4.2}% 179
\BOOKMARK [3][-]{subsubsection.5.4.2.3}{\376\377\0005\000.\0004\000.\0002\000.\0003\000\040\000n\000u\000m\000b\000e\000r\000\137\000i\000t\000e\000m\000s}{subsection.5.4.2}% 180
\BOOKMARK [3][-]{subsubsection.5.4.2.4}{\376\377\0005\000.\0004\000.\0002\000.\0004\000\040\000p\000t\000r}{subsection.5.4.2}% 181
\BOOKMARK [1][-]{section.5.5}{\376\377\0005\000.\0005\000\040\000I\000\137\000I\000n\000s\000t\000r\000\040\000S\000t\000r\000u\000c\000t\000\040\000R\000e\000f\000e\000r\000e\000n\000c\000e}{chapter.5}% 182
\BOOKMARK [1][-]{section.5.6}{\376\377\0005\000.\0006\000\040\000I\000n\000s\000t\000r\000\137\000L\000i\000s\000t\000\040\000S\000t\000r\000u\000c\000t\000\040\000R\000e\000f\000e\000r\000e\000n\000c\000e}{chapter.5}% 183
\BOOKMARK [1][-]{section.5.7}{\376\377\0005\000.\0007\000\040\000m\000e\000m\000\137\000i\000t\000e\000m\000\137\000t\000\040\000S\000t\000r\000u\000c\000t\000\040\000R\000e\000f\000e\000r\000e\000n\000c\000e}{chapter.5}% 184
\BOOKMARK [2][-]{subsection.5.7.1}{\376\377\0005\000.\0007\000.\0001\000\040\000D\000e\000t\000a\000i\000l\000e\000d\000\040\000D\000e\000s\000c\000r\000i\000p\000t\000i\000o\000n}{section.5.7}% 185
\BOOKMARK [2][-]{subsection.5.7.2}{\376\377\0005\000.\0007\000.\0002\000\040\000M\000e\000m\000b\000e\000r\000\040\000D\000a\000t\000a\000\040\000D\000o\000c\000u\000m\000e\000n\000t\000a\000t\000i\000o\000n}{section.5.7}% 186
\BOOKMARK [3][-]{subsubsection.5.7.2.1}{\376\377\0005\000.\0007\000.\0002\000.\0001\000\040\000n\000e\000x\000t}{subsection.5.7.2}% 187
\BOOKMARK [3][-]{subsubsection.5.7.2.2}{\376\377\0005\000.\0007\000.\0002\000.\0002\000\040\000p\000t\000r}{subsection.5.7.2}% 188
\BOOKMARK [1][-]{section.5.8}{\376\377\0005\000.\0008\000\040\000m\000e\000m\000\137\000l\000i\000s\000t\000\137\000t\000\040\000S\000t\000r\000u\000c\000t\000\040\000R\000e\000f\000e\000r\000e\000n\000c\000e}{chapter.5}% 189
\BOOKMARK [2][-]{subsection.5.8.1}{\376\377\0005\000.\0008\000.\0001\000\040\000D\000e\000t\000a\000i\000l\000e\000d\000\040\000D\000e\000s\000c\000r\000i\000p\000t\000i\000o\000n}{section.5.8}% 190
\BOOKMARK [2][-]{subsection.5.8.2}{\376\377\0005\000.\0008\000.\0002\000\040\000M\000e\000m\000b\000e\000r\000\040\000D\000a\000t\000a\000\040\000D\000o\000c\000u\000m\000e\000n\000t\000a\000t\000i\000o\000n}{section.5.8}% 191
\BOOKMARK [3][-]{subsubsection.5.8.2.1}{\376\377\0005\000.\0008\000.\0002\000.\0001\000\040\000f\000i\000r\000s\000t}{subsection.5.8.2}% 192
\BOOKMARK [3][-]{subsubsection.5.8.2.2}{\376\377\0005\000.\0008\000.\0002\000.\0002\000\040\000l\000a\000s\000t}{subsection.5.8.2}% 193
\BOOKMARK [1][-]{section.5.9}{\376\377\0005\000.\0009\000\040\000s\000t\000a\000c\000k\000\137\000e\000x\000p\000r\000e\000s\000i\000o\000n\000\040\000S\000t\000r\000u\000c\000t\000\040\000R\000e\000f\000e\000r\000e\000n\000c\000e}{chapter.5}% 194
\BOOKMARK [2][-]{subsection.5.9.1}{\376\377\0005\000.\0009\000.\0001\000\040\000D\000e\000t\000a\000i\000l\000e\000d\000\040\000D\000e\000s\000c\000r\000i\000p\000t\000i\000o\000n}{section.5.9}% 195
\BOOKMARK [1][-]{section.5.10}{\376\377\0005\000.\0001\0000\000\040\000s\000t\000a\000c\000k\000\137\000h\000t\000a\000b\000\040\000S\000t\000r\000u\000c\000t\000\040\000R\000e\000f\000e\000r\000e\000n\000c\000e}{chapter.5}% 196
\BOOKMARK [2][-]{subsection.5.10.1}{\376\377\0005\000.\0001\0000\000.\0001\000\040\000D\000e\000t\000a\000i\000l\000e\000d\000\040\000D\000e\000s\000c\000r\000i\000p\000t\000i\000o\000n}{section.5.10}% 197
\BOOKMARK [2][-]{subsection.5.10.2}{\376\377\0005\000.\0001\0000\000.\0002\000\040\000M\000e\000m\000b\000e\000r\000\040\000D\000a\000t\000a\000\040\000D\000o\000c\000u\000m\000e\000n\000t\000a\000t\000i\000o\000n}{section.5.10}% 198
\BOOKMARK [3][-]{subsubsection.5.10.2.1}{\376\377\0005\000.\0001\0000\000.\0002\000.\0001\000\040\000d\000a\000t\000a}{subsection.5.10.2}% 199
\BOOKMARK [3][-]{subsubsection.5.10.2.2}{\376\377\0005\000.\0001\0000\000.\0002\000.\0002\000\040\000s\000i\000z\000e}{subsection.5.10.2}% 200
\BOOKMARK [3][-]{subsubsection.5.10.2.3}{\376\377\0005\000.\0001\0000\000.\0002\000.\0003\000\040\000t\000o\000p}{subsection.5.10.2}% 201
\BOOKMARK [1][-]{section.5.11}{\376\377\0005\000.\0001\0001\000\040\000s\000t\000a\000c\000k\000\137\000i\000n\000s\000t\000r\000\040\000S\000t\000r\000u\000c\000t\000\040\000R\000e\000f\000e\000r\000e\000n\000c\000e}{chapter.5}% 202
\BOOKMARK [2][-]{subsection.5.11.1}{\376\377\0005\000.\0001\0001\000.\0001\000\040\000D\000e\000t\000a\000i\000l\000e\000d\000\040\000D\000e\000s\000c\000r\000i\000p\000t\000i\000o\000n}{section.5.11}% 203
\BOOKMARK [2][-]{subsection.5.11.2}{\376\377\0005\000.\0001\0001\000.\0002\000\040\000M\000e\000m\000b\000e\000r\000\040\000D\000a\000t\000a\000\040\000D\000o\000c\000u\000m\000e\000n\000t\000a\000t\000i\000o\000n}{section.5.11}% 204
\BOOKMARK [3][-]{subsubsection.5.11.2.1}{\376\377\0005\000.\0001\0001\000.\0002\000.\0001\000\040\000d\000a\000t\000a}{subsection.5.11.2}% 205
\BOOKMARK [3][-]{subsubsection.5.11.2.2}{\376\377\0005\000.\0001\0001\000.\0002\000.\0002\000\040\000s\000i\000z\000e}{subsection.5.11.2}% 206
\BOOKMARK [3][-]{subsubsection.5.11.2.3}{\376\377\0005\000.\0001\0001\000.\0002\000.\0003\000\040\000t\000o\000p}{subsection.5.11.2}% 207
\BOOKMARK [1][-]{section.5.12}{\376\377\0005\000.\0001\0002\000\040\000t\000\137\000s\000t\000a\000c\000k\000\137\000i\000n\000t\000\040\000S\000t\000r\000u\000c\000t\000\040\000R\000e\000f\000e\000r\000e\000n\000c\000e}{chapter.5}% 208
\BOOKMARK [2][-]{subsection.5.12.1}{\376\377\0005\000.\0001\0002\000.\0001\000\040\000D\000e\000t\000a\000i\000l\000e\000d\000\040\000D\000e\000s\000c\000r\000i\000p\000t\000i\000o\000n}{section.5.12}% 209
\BOOKMARK [2][-]{subsection.5.12.2}{\376\377\0005\000.\0001\0002\000.\0002\000\040\000M\000e\000m\000b\000e\000r\000\040\000D\000a\000t\000a\000\040\000D\000o\000c\000u\000m\000e\000n\000t\000a\000t\000i\000o\000n}{section.5.12}% 210
\BOOKMARK [3][-]{subsubsection.5.12.2.1}{\376\377\0005\000.\0001\0002\000.\0002\000.\0001\000\040\000d\000a\000t\000a}{subsection.5.12.2}% 211
\BOOKMARK [3][-]{subsubsection.5.12.2.2}{\376\377\0005\000.\0001\0002\000.\0002\000.\0002\000\040\000s\000i\000z\000e}{subsection.5.12.2}% 212
\BOOKMARK [3][-]{subsubsection.5.12.2.3}{\376\377\0005\000.\0001\0002\000.\0002\000.\0003\000\040\000t\000o\000p}{subsection.5.12.2}% 213
\BOOKMARK [1][-]{section.5.13}{\376\377\0005\000.\0001\0003\000\040\000t\000o\000k\000e\000n\000\040\000S\000t\000r\000u\000c\000t\000\040\000R\000e\000f\000e\000r\000e\000n\000c\000e}{chapter.5}% 214
\BOOKMARK [2][-]{subsection.5.13.1}{\376\377\0005\000.\0001\0003\000.\0001\000\040\000D\000e\000t\000a\000i\000l\000e\000d\000\040\000D\000e\000s\000c\000r\000i\000p\000t\000i\000o\000n}{section.5.13}% 215
\BOOKMARK [2][-]{subsection.5.13.2}{\376\377\0005\000.\0001\0003\000.\0002\000\040\000M\000e\000m\000b\000e\000r\000\040\000D\000a\000t\000a\000\040\000D\000o\000c\000u\000m\000e\000n\000t\000a\000t\000i\000o\000n}{section.5.13}% 216
\BOOKMARK [3][-]{subsubsection.5.13.2.1}{\376\377\0005\000.\0001\0003\000.\0002\000.\0001\000\040\000i\000d}{subsection.5.13.2}% 217
\BOOKMARK [3][-]{subsubsection.5.13.2.2}{\376\377\0005\000.\0001\0003\000.\0002\000.\0002\000\040\000p\000t\000r}{subsection.5.13.2}% 218
\BOOKMARK [0][-]{chapter.6}{\376\377\0006\000\040\000F\000i\000l\000e\000\040\000D\000o\000c\000u\000m\000e\000n\000t\000a\000t\000i\000o\000n}{}% 219
\BOOKMARK [1][-]{section.6.1}{\376\377\0006\000.\0001\000\040\000e\000m\000b\000e\000d\000d\000e\000d\000\137\000f\000u\000n\000c\000t\000i\000o\000n\000s\000.\000h\000\040\000F\000i\000l\000e\000\040\000R\000e\000f\000e\000r\000e\000n\000c\000e}{chapter.6}% 220
\BOOKMARK [2][-]{subsection.6.1.1}{\376\377\0006\000.\0001\000.\0001\000\040\000D\000e\000t\000a\000i\000l\000e\000d\000\040\000D\000e\000s\000c\000r\000i\000p\000t\000i\000o\000n}{section.6.1}% 221
\BOOKMARK [1][-]{section.6.2}{\376\377\0006\000.\0002\000\040\000e\000x\000p\000r\000e\000s\000s\000i\000o\000n\000.\000h\000\040\000F\000i\000l\000e\000\040\000R\000e\000f\000e\000r\000e\000n\000c\000e}{chapter.6}% 222
\BOOKMARK [2][-]{subsection.6.2.1}{\376\377\0006\000.\0002\000.\0001\000\040\000D\000e\000t\000a\000i\000l\000e\000d\000\040\000D\000e\000s\000c\000r\000i\000p\000t\000i\000o\000n}{section.6.2}% 223
\BOOKMARK [1][-]{section.6.3}{\376\377\0006\000.\0003\000\040\000i\000n\000t\000e\000r\000p\000r\000e\000t\000.\000h\000\040\000F\000i\000l\000e\000\040\000R\000e\000f\000e\000r\000e\000n\000c\000e}{chapter.6}% 224
\BOOKMARK [2][-]{subsection.6.3.1}{\376\377\0006\000.\0003\000.\0001\000\040\000D\000e\000t\000a\000i\000l\000e\000d\000\040\000D\000e\000s\000c\000r\000i\000p\000t\000i\000o\000n}{section.6.3}% 225
\BOOKMARK [0][-]{section*.49}{\376\377\000I\000n\000d\000e\000x}{}% 226
